<?xml version="1.0" encoding="UTF-8"?>
<!-- Generated by org.testng.reporters.JUnitXMLReporter -->
<testsuite ignored="11" hostname="DESKTOP-K2A3FQB" failures="0" tests="2" name="Test" time="16.655" errors="0" timestamp="2025-02-27T22:27:23 IST">
  <testcase classname="testngfeatures.Groups" name="swiggy" time="7.301"/>
  <testcase classname="testngfeatures.Groups" name="zomato" time="5.952"/>
  <testcase classname="testngfeatures.Groups" name="instagram" time="0.0">
    <ignored/>
  </testcase> <!-- instagram -->
  <testcase classname="testngfeatures.Groups" name="mantisbt" time="0.0">
    <ignored/>
  </testcase> <!-- mantisbt -->
  <testcase classname="testngfeatures.Groups" name="gmail" time="0.0">
    <ignored/>
  </testcase> <!-- gmail -->
  <testcase classname="testngfeatures.Groups" name="facebook" time="0.0">
    <ignored/>
  </testcase> <!-- facebook -->
  <testcase classname="testngfeatures.Groups" name="bankersadda" time="0.0">
    <ignored/>
  </testcase> <!-- bankersadda -->
  <testcase classname="testngfeatures.Groups" name="techlearn" time="0.0">
    <ignored/>
  </testcase> <!-- techlearn -->
  <testcase classname="testngfeatures.Groups" name="redmine" time="0.0">
    <ignored/>
  </testcase> <!-- redmine -->
  <testcase classname="testngfeatures.Groups" name="byjus" time="0.0">
    <ignored/>
  </testcase> <!-- byjus -->
  <testcase classname="testngfeatures.Groups" name="bugzilla" time="0.0">
    <ignored/>
  </testcase> <!-- bugzilla -->
  <testcase classname="testngfeatures.Groups" name="seleniumdev" time="0.0">
    <ignored/>
  </testcase> <!-- seleniumdev -->
  <testcase classname="testngfeatures.Groups" name="jira" time="0.0">
    <ignored/>
  </testcase> <!-- jira -->
</testsuite> <!-- Test -->
