<?xml version="1.0" encoding="UTF-8"?>
<testng-results ignored="0" total="6" passed="6" failed="0" skipped="0">
  <reporter-output>
  </reporter-output>
  <suite started-at="2025-02-28T07:05:11 IST" name="Default suite" finished-at="2025-02-28T07:06:16 IST" duration-ms="65183">
    <groups>
    </groups>
    <test started-at="2025-02-28T07:05:11 IST" name="Default test" finished-at="2025-02-28T07:06:16 IST" duration-ms="65183">
      <class name="navigation.Demo_Test">
        <test-method is-config="true" signature="beforeTest()[pri:0, instance:navigation.Demo_Test@49e53c76]" started-at="2025-02-28T07:05:11 IST" name="beforeTest" finished-at="2025-02-28T07:05:15 IST" duration-ms="3690" status="PASS">
          <reporter-output>
          </reporter-output>
        </test-method> <!-- beforeTest -->
        <test-method signature="facebook()[pri:0, instance:navigation.Demo_Test@49e53c76]" started-at="2025-02-28T07:05:15 IST" name="facebook" finished-at="2025-02-28T07:05:18 IST" duration-ms="3192" status="PASS">
          <reporter-output>
          </reporter-output>
        </test-method> <!-- facebook -->
        <test-method signature="peachmode()[pri:0, instance:navigation.Demo_Test@49e53c76]" started-at="2025-02-28T07:05:18 IST" name="peachmode" finished-at="2025-02-28T07:05:31 IST" duration-ms="12647" status="PASS">
          <reporter-output>
          </reporter-output>
        </test-method> <!-- peachmode -->
        <test-method signature="pinterest()[pri:0, instance:navigation.Demo_Test@49e53c76]" started-at="2025-02-28T07:05:31 IST" name="pinterest" finished-at="2025-02-28T07:05:37 IST" duration-ms="6846" status="PASS">
          <reporter-output>
          </reporter-output>
        </test-method> <!-- pinterest -->
        <test-method signature="seleniumdev()[pri:0, instance:navigation.Demo_Test@49e53c76]" started-at="2025-02-28T07:05:37 IST" name="seleniumdev" finished-at="2025-02-28T07:05:39 IST" duration-ms="1866" status="PASS">
          <reporter-output>
          </reporter-output>
        </test-method> <!-- seleniumdev -->
        <test-method signature="techlearn()[pri:0, instance:navigation.Demo_Test@49e53c76]" started-at="2025-02-28T07:05:39 IST" name="techlearn" finished-at="2025-02-28T07:06:02 IST" duration-ms="22282" status="PASS">
          <reporter-output>
          </reporter-output>
        </test-method> <!-- techlearn -->
        <test-method signature="twitter()[pri:0, instance:navigation.Demo_Test@49e53c76]" started-at="2025-02-28T07:06:02 IST" name="twitter" finished-at="2025-02-28T07:06:16 IST" duration-ms="14529" status="PASS">
          <reporter-output>
          </reporter-output>
        </test-method> <!-- twitter -->
        <test-method is-config="true" signature="afterTest()[pri:0, instance:navigation.Demo_Test@49e53c76]" started-at="2025-02-28T07:06:16 IST" name="afterTest" finished-at="2025-02-28T07:06:16 IST" duration-ms="0" status="PASS">
          <reporter-output>
          </reporter-output>
        </test-method> <!-- afterTest -->
      </class> <!-- navigation.Demo_Test -->
    </test> <!-- Default test -->
  </suite> <!-- Default suite -->
</testng-results>
