<?xml version="1.0" encoding="UTF-8"?>
<!-- Generated by org.testng.reporters.JUnitXMLReporter -->
<testsuite ignored="0" hostname="DESKTOP-K2A3FQB" failures="0" tests="6" name="Default test" time="29.058" errors="0" timestamp="2025-01-28T14:41:54 IST">
  <testcase classname="testng.ExecutionOrder" name="peachmode" time="3.826"/>
  <testcase classname="testng.ExecutionOrder" name="pinterest" time="1.952"/>
  <testcase classname="testng.ExecutionOrder" name="seleniumdev" time="2.431"/>
  <testcase classname="testng.ExecutionOrder" name="snapchat" time="2.67"/>
  <testcase classname="testng.ExecutionOrder" name="techlearn" time="6.828"/>
  <testcase classname="testng.ExecutionOrder" name="twitter" time="4.415"/>
</testsuite> <!-- Default test -->
