<?xml version="1.0" encoding="UTF-8"?>
<!-- Generated by org.testng.reporters.JUnitXMLReporter -->
<testsuite ignored="0" hostname="DESKTOP-K2A3FQB" failures="0" tests="3" name="Default test" time="17.176" errors="0" timestamp="2025-02-28T07:03:50 IST">
  <testcase classname="seleniumfeaturestestngclass.IsDisplayed_IsEnabled_IsSelected" name="isDisplayed" time="9.511"/>
  <testcase classname="seleniumfeaturestestngclass.IsDisplayed_IsEnabled_IsSelected" name="isEnabled" time="2.148"/>
  <testcase classname="seleniumfeaturestestngclass.IsDisplayed_IsEnabled_IsSelected" name="isSeleted" time="2.195"/>
</testsuite> <!-- Default test -->
