<?xml version="1.0" encoding="UTF-8"?>
<testng-results ignored="0" total="3" passed="3" failed="0" skipped="0">
  <reporter-output>
  </reporter-output>
  <suite started-at="2025-02-28T07:03:32 IST" name="Default suite" finished-at="2025-02-28T07:03:50 IST" duration-ms="17176">
    <groups>
    </groups>
    <test started-at="2025-02-28T07:03:32 IST" name="Default test" finished-at="2025-02-28T07:03:50 IST" duration-ms="17176">
      <class name="seleniumfeaturestestngclass.IsDisplayed_IsEnabled_IsSelected">
        <test-method is-config="true" signature="beforeTest()[pri:0, instance:seleniumfeaturestestngclass.IsDisplayed_IsEnabled_IsSelected@5b7a5baa]" started-at="2025-02-28T07:03:33 IST" name="beforeTest" finished-at="2025-02-28T07:03:36 IST" duration-ms="3190" status="PASS">
          <reporter-output>
          </reporter-output>
        </test-method> <!-- beforeTest -->
        <test-method signature="isDisplayed()[pri:0, instance:seleniumfeaturestestngclass.IsDisplayed_IsEnabled_IsSelected@5b7a5baa]" started-at="2025-02-28T07:03:36 IST" name="isDisplayed" finished-at="2025-02-28T07:03:45 IST" duration-ms="9511" status="PASS">
          <reporter-output>
          </reporter-output>
        </test-method> <!-- isDisplayed -->
        <test-method signature="isEnabled()[pri:0, instance:seleniumfeaturestestngclass.IsDisplayed_IsEnabled_IsSelected@5b7a5baa]" started-at="2025-02-28T07:03:45 IST" name="isEnabled" finished-at="2025-02-28T07:03:47 IST" duration-ms="2148" status="PASS">
          <reporter-output>
          </reporter-output>
        </test-method> <!-- isEnabled -->
        <test-method signature="isSeleted()[pri:0, instance:seleniumfeaturestestngclass.IsDisplayed_IsEnabled_IsSelected@5b7a5baa]" started-at="2025-02-28T07:03:47 IST" name="isSeleted" finished-at="2025-02-28T07:03:50 IST" duration-ms="2195" status="PASS">
          <reporter-output>
          </reporter-output>
        </test-method> <!-- isSeleted -->
      </class> <!-- seleniumfeaturestestngclass.IsDisplayed_IsEnabled_IsSelected -->
    </test> <!-- Default test -->
  </suite> <!-- Default suite -->
</testng-results>
