<?xml version="1.0" encoding="UTF-8"?>
<!-- Generated by org.testng.reporters.JUnitXMLReporter -->
<testsuite ignored="0" hostname="DESKTOP-K2A3FQB" failures="0" tests="6" name="Default test" time="65.183" errors="0" timestamp="2025-02-28T07:06:17 IST">
  <testcase classname="navigation.Demo_Test" name="facebook" time="3.192"/>
  <testcase classname="navigation.Demo_Test" name="peachmode" time="12.647"/>
  <testcase classname="navigation.Demo_Test" name="pinterest" time="6.846"/>
  <testcase classname="navigation.Demo_Test" name="seleniumdev" time="1.866"/>
  <testcase classname="navigation.Demo_Test" name="techlearn" time="22.282"/>
  <testcase classname="navigation.Demo_Test" name="twitter" time="14.529"/>
</testsuite> <!-- Default test -->
